#
# A fatal error has been detected by the Java Runtime Environment:
#
#  EXCEPTION_ACCESS_VIOLATION (0xc0000005) at pc=0x775c6b90, pid=2616, tid=1512
#
# JRE version: 6.0_29-b11
# Java VM: Java HotSpot(TM) Client VM (20.4-b02 mixed mode, sharing windows-x86 )
# Problematic frame:
# C  [ntdll.dll+0x46b90]
#
# If you would like to submit a bug report, please visit:
#   http://java.sun.com/webapps/bugreport/crash.jsp
# The crash happened outside the Java Virtual Machine in native code.
# See problematic frame for where to report the bug.
#

---------------  T H R E A D  ---------------

Current thread (0x00bf9800):  JavaThread "main" [_thread_in_native, id=1512, stack(0x00270000,0x002c0000)]

siginfo: ExceptionCode=0xc0000005, writing address 0x00000024

Registers:
EAX=0x00000024, EBX=0x002bfb10, ECX=0x00000020, EDX=0x00160174
ESP=0x002bf940, EBP=0x002bf954, ESI=0x00000024, EDI=0x00000020
EIP=0x775c6b90, EFLAGS=0x00010216

Top of Stack: (sp=0x002bf940)
0x002bf940:   002bfa38 002bf990 00000000 00000000
0x002bf950:   002bf97c 002bf960 1021564b 00000020
0x002bf960:   002bf97c 1023932a 00000000 002bfa38
0x002bf970:   002bf990 002bfb10 04041d50 002bfa38
0x002bf980:   1000224f 00000000 00000000 00000000
0x002bf990:   002bfaac 002bfa40 002bfb10 cccccccc
0x002bf9a0:   cccccccc cccccccc cccccccc cccccccc
0x002bf9b0:   cccccccc cccccccc cccccccc cccccccc 

Instructions: (pc=0x775c6b90)
0x775c6b70:   5f 5b 33 c0 5e 5d c2 04 00 90 90 90 90 90 8b ff
0x775c6b80:   55 8b ec 83 ec 0c 56 57 8b 7d 08 8d 77 04 8b c6
0x775c6b90:   f0 0f ba 30 00 0f 83 9d f3 00 00 64 a1 18 00 00
0x775c6ba0:   00 8b 48 24 89 4f 0c c7 47 08 01 00 00 00 5f 33 


Register to memory mapping:

EAX=0x00000024 is an unknown value
EBX=0x002bfb10 is pointing into the stack for thread: 0x00bf9800
ECX=0x00000020 is an unknown value
EDX=0x00160174 is an unknown value
ESP=0x002bf940 is pointing into the stack for thread: 0x00bf9800
EBP=0x002bf954 is pointing into the stack for thread: 0x00bf9800
ESI=0x00000024 is an unknown value
EDI=0x00000020 is an unknown value


Stack: [0x00270000,0x002c0000],  sp=0x002bf940,  free space=318k
Native frames: (J=compiled Java code, j=interpreted, Vv=VM code, C=native code)
C  [ntdll.dll+0x46b90]  RtlEnterCriticalSection+0x12
C  [MSVCRTD.dll+0x1564b]  _lock_file+0x3b
C  [MSVCRTD.dll+0x3932a]  fseek+0x3a
C  [LowLevelJNI.dll+0x224f]  WriteWavFile+0xaf
C  [LowLevelJNI.dll+0x20c1]  ParseLine+0x1e1
C  [LowLevelJNI.dll+0x1e9f]  ReadLine+0x8f
C  [LowLevelJNI.dll+0x1d6d]  ReadText+0x20d
C  [LowLevelJNI.dll+0x1ab6]  Java_UnitConcatJNI_UnitConcatenative+0x86
j  UnitConcatJNI.UnitConcatenative(Ljava/lang/String;Ljava/lang/String;)V+0
j  UnitConcatJNI.concatUni()V+12
j  SpeechSynthesizer.selectUnitAndConductSpeechSynthesizer(Ljava/lang/String;)V+103
j  SpeechSynthesizer.<init>(Ljava/lang/String;)V+16
j  SpeechSynthesizer.main([Ljava/lang/String;)V+50
v  ~StubRoutines::call_stub
V  [jvm.dll+0xfac3b]
V  [jvm.dll+0x18c391]
V  [jvm.dll+0xfacbd]
V  [jvm.dll+0x95776]
V  [jvm.dll+0x9d5b3]
C  [java.exe+0x2155]
C  [java.exe+0x85b4]
C  [kernel32.dll+0x51174]  BaseThreadInitThunk+0x12
C  [ntdll.dll+0x5b3f5]  RtlInitializeExceptionChain+0x63
C  [ntdll.dll+0x5b3c8]  RtlInitializeExceptionChain+0x36

Java frames: (J=compiled Java code, j=interpreted, Vv=VM code)
j  UnitConcatJNI.UnitConcatenative(Ljava/lang/String;Ljava/lang/String;)V+0
j  UnitConcatJNI.concatUni()V+12
j  SpeechSynthesizer.selectUnitAndConductSpeechSynthesizer(Ljava/lang/String;)V+103
j  SpeechSynthesizer.<init>(Ljava/lang/String;)V+16
j  SpeechSynthesizer.main([Ljava/lang/String;)V+50
v  ~StubRoutines::call_stub

---------------  P R O C E S S  ---------------

Java Threads: ( => current thread )
  0x0199d800 JavaThread "Low Memory Detector" daemon [_thread_blocked, id=3324, stack(0x03cf0000,0x03d40000)]
  0x0198a800 JavaThread "C1 CompilerThread0" daemon [_thread_blocked, id=4052, stack(0x03ca0000,0x03cf0000)]
  0x01987800 JavaThread "Attach Listener" daemon [_thread_blocked, id=3736, stack(0x03c50000,0x03ca0000)]
  0x01984400 JavaThread "Signal Dispatcher" daemon [_thread_blocked, id=2852, stack(0x03c00000,0x03c50000)]
  0x0197f400 JavaThread "Finalizer" daemon [_thread_blocked, id=1996, stack(0x03bb0000,0x03c00000)]
  0x0197a000 JavaThread "Reference Handler" daemon [_thread_blocked, id=2112, stack(0x03b60000,0x03bb0000)]
=>0x00bf9800 JavaThread "main" [_thread_in_native, id=1512, stack(0x00270000,0x002c0000)]

Other Threads:
  0x0193e800 VMThread [stack: 0x03b10000,0x03b60000] [id=2072]
  0x019b1400 WatcherThread [stack: 0x03d40000,0x03d90000] [id=3076]

VM state:not at safepoint (normal execution)

VM Mutex/Monitor currently owned by a thread: None

Heap
 def new generation   total 16960K, used 3688K [0x23a50000, 0x24cb0000, 0x28fa0000)
  eden space 15104K,  12% used [0x23a50000, 0x23c1a3a0, 0x24910000)
  from space 1856K, 100% used [0x24910000, 0x24ae0000, 0x24ae0000)
  to   space 1856K,   0% used [0x24ae0000, 0x24ae0000, 0x24cb0000)
 tenured generation   total 37556K, used 31600K [0x28fa0000, 0x2b44d000, 0x33a50000)
   the space 37556K,  84% used [0x28fa0000, 0x2ae7c090, 0x2ae7c200, 0x2b44d000)
 compacting perm gen  total 12288K, used 2915K [0x33a50000, 0x34650000, 0x37a50000)
   the space 12288K,  23% used [0x33a50000, 0x33d28d50, 0x33d28e00, 0x34650000)
    ro space 10240K,  54% used [0x37a50000, 0x37fcdaf0, 0x37fcdc00, 0x38450000)
    rw space 12288K,  55% used [0x38450000, 0x38af1ce8, 0x38af1e00, 0x39050000)

Code Cache  [0x01a00000, 0x01b30000, 0x03a00000)
 total_blobs=529 nmethods=395 adapters=70 free_code_cache=32332160 largest_free_block=0

Dynamic libraries:
0x00400000 - 0x00424000 	C:\Program Files\Java\jdk1.6.0_29\bin\java.exe
0x77580000 - 0x776bc000 	C:\Windows\SYSTEM32\ntdll.dll
0x759d0000 - 0x75aa4000 	C:\Windows\system32\kernel32.dll
0x75980000 - 0x759ca000 	C:\Windows\system32\KERNELBASE.dll
0x76330000 - 0x763d0000 	C:\Windows\system32\ADVAPI32.dll
0x763d0000 - 0x7647c000 	C:\Windows\system32\msvcrt.dll
0x761b0000 - 0x761c9000 	C:\Windows\SYSTEM32\sechost.dll
0x75b60000 - 0x75c01000 	C:\Windows\system32\RPCRT4.dll
0x7c340000 - 0x7c396000 	C:\Program Files\Java\jdk1.6.0_29\jre\bin\msvcr71.dll
0x6d8a0000 - 0x6db4f000 	C:\Program Files\Java\jdk1.6.0_29\jre\bin\client\jvm.dll
0x767f0000 - 0x768b9000 	C:\Windows\system32\USER32.dll
0x75b10000 - 0x75b5e000 	C:\Windows\system32\GDI32.dll
0x77570000 - 0x7757a000 	C:\Windows\system32\LPK.dll
0x77710000 - 0x777ad000 	C:\Windows\system32\USP10.dll
0x73920000 - 0x73952000 	C:\Windows\system32\WINMM.dll
0x75af0000 - 0x75b0f000 	C:\Windows\system32\IMM32.DLL
0x76260000 - 0x7632c000 	C:\Windows\system32\MSCTF.dll
0x75600000 - 0x7564b000 	C:\Windows\system32\apphelp.dll
0x6d850000 - 0x6d85c000 	C:\Program Files\Java\jdk1.6.0_29\jre\bin\verify.dll
0x6d3d0000 - 0x6d3ef000 	C:\Program Files\Java\jdk1.6.0_29\jre\bin\java.dll
0x6d890000 - 0x6d89f000 	C:\Program Files\Java\jdk1.6.0_29\jre\bin\zip.dll
0x6d6b0000 - 0x6d6c3000 	C:\Program Files\Java\jdk1.6.0_29\jre\bin\net.dll
0x75ab0000 - 0x75ae5000 	C:\Windows\system32\WS2_32.dll
0x766e0000 - 0x766e6000 	C:\Windows\system32\NSI.dll
0x75110000 - 0x7514c000 	C:\Windows\system32\mswsock.dll
0x75100000 - 0x75106000 	C:\Windows\System32\wship6.dll
0x6d6d0000 - 0x6d6d9000 	C:\Program Files\Java\jdk1.6.0_29\jre\bin\nio.dll
0x10000000 - 0x1001b000 	E:\work\MICASpeechSynthesizer\Thao project\Project guide\TTS_Lowlevel_SVN_InCommand\LowLevelJNI.dll
0x10480000 - 0x104fe000 	C:\Windows\system32\MSVCP60D.dll
0x10200000 - 0x10260000 	C:\Windows\system32\MSVCRTD.dll
0x5f400000 - 0x5f4e5000 	C:\Windows\system32\MFC42D.DLL
0x742e0000 - 0x74320000 	C:\Windows\system32\uxtheme.dll
0x739c0000 - 0x739d3000 	C:\Windows\system32\dwmapi.dll
0x74630000 - 0x747ce000 	C:\Windows\WinSxS\x86_microsoft.windows.common-controls_6595b64144ccf1df_6.0.7600.16385_none_421189da2b7fabfc\comctl32.dll
0x768c0000 - 0x76917000 	C:\Windows\system32\SHLWAPI.dll
0x75c40000 - 0x75d9c000 	C:\Windows\system32\ole32.dll
0x75650000 - 0x7565c000 	C:\Windows\system32\CRYPTBASE.dll
0x761d0000 - 0x76253000 	C:\Windows\system32\CLBCatQ.DLL
0x75e20000 - 0x75eaf000 	C:\Windows\system32\OLEAUT32.dll
0x05330000 - 0x05347000 	C:\Program Files\Lingoes\Translator2\opentext22.dll
0x72d10000 - 0x72d4c000 	C:\Windows\system32\OLEACC.dll
0x04160000 - 0x04168000 	C:\Program Files\Internet Download Manager\idmmkb.dll
0x053b0000 - 0x053f6000 	C:\Users\lelightwin\Downloads\unikey40RC2-1101-win32\UKHook40.dll
0x76920000 - 0x77569000 	C:\Windows\system32\SHELL32.dll
0x75ec0000 - 0x75ec5000 	C:\Windows\system32\PSAPI.DLL

VM Arguments:
jvm_args: -Dfile.encoding=UTF-8 
java_command: SpeechSynthesizer
Launcher Type: SUN_STANDARD

Environment Variables:
PATH=C:\Windows\system32;C:\Windows;C:\Windows\System32\Wbem;C:\Windows\System32\WindowsPowerShell\v1.0\;C:\Program Files\Java\jdk1.6.0_29\bin;C:\xampp\php
USERNAME=lelightwin
OS=Windows_NT
PROCESSOR_IDENTIFIER=x86 Family 6 Model 37 Stepping 5, GenuineIntel



---------------  S Y S T E M  ---------------

OS: Windows 7 Build 7600 

CPU:total 4 (2 cores per cpu, 2 threads per core) family 6 model 37 stepping 5, cmov, cx8, fxsr, mmx, sse, sse2, sse3, ssse3, sse4.1, sse4.2, popcnt, ht

Memory: 4k page, physical 3619896k(2409424k free), swap 7238028k(5914852k free)

vm_info: Java HotSpot(TM) Client VM (20.4-b02) for windows-x86 JRE (1.6.0_29-b11), built on Oct  3 2011 01:01:08 by "java_re" with MS VC++ 7.1 (VS2003)

time: Mon Mar 12 11:19:47 2012
elapsed time: 5 seconds

