#
# A fatal error has been detected by the Java Runtime Environment:
#
#  EXCEPTION_ACCESS_VIOLATION (0xc0000005) at pc=0x77c56b90, pid=5876, tid=5532
#
# JRE version: 6.0_25-b06
# Java VM: Java HotSpot(TM) Client VM (20.0-b11 mixed mode, sharing windows-x86 )
# Problematic frame:
# C  [ntdll.dll+0x46b90]
#
# If you would like to submit a bug report, please visit:
#   http://java.sun.com/webapps/bugreport/crash.jsp
# The crash happened outside the Java Virtual Machine in native code.
# See problematic frame for where to report the bug.
#

---------------  T H R E A D  ---------------

Current thread (0x01db9400):  JavaThread "main" [_thread_in_native, id=5532, stack(0x01d10000,0x01d60000)]

siginfo: ExceptionCode=0xc0000005, writing address 0x00000024

Registers:
EAX=0x00000024, EBX=0x01d5f998, ECX=0x00000020, EDX=0x000fc178
ESP=0x01d5f950, EBP=0x01d5f964, ESI=0x00000024, EDI=0x00000020
EIP=0x77c56b90, EFLAGS=0x00010212

Top of Stack: (sp=0x01d5f950)
0x01d5f950:   01d5f99c 01d5f9a0 00000000 00000000
0x01d5f960:   01d5f98c 01d5f970 1021564b 00000020
0x01d5f970:   01d5f98c 1023932a 00000000 01d5f99c
0x01d5f980:   01d5f9a0 01d5f998 00000000 01d5fa48
0x01d5f990:   04582900 00000000 00000000 00000002
0x01d5f9a0:   01d5fabc 01d5fa50 01d5fb20 cccccccc
0x01d5f9b0:   cccccccc cccccccc cccccccc cccccccc
0x01d5f9c0:   cccccccc cccccccc cccccccc cccccccc 

Instructions: (pc=0x77c56b90)
0x77c56b70:   5f 5b 33 c0 5e 5d c2 04 00 90 90 90 90 90 8b ff
0x77c56b80:   55 8b ec 83 ec 0c 56 57 8b 7d 08 8d 77 04 8b c6
0x77c56b90:   f0 0f ba 30 00 0f 83 9d f3 00 00 64 a1 18 00 00
0x77c56ba0:   00 8b 48 24 89 4f 0c c7 47 08 01 00 00 00 5f 33 


Register to memory mapping:

EAX=0x00000024 is an unknown value
EBX=0x01d5f998 is pointing into the stack for thread: 0x01db9400
ECX=0x00000020 is an unknown value
EDX=0x000fc178 is an unknown value
ESP=0x01d5f950 is pointing into the stack for thread: 0x01db9400
EBP=0x01d5f964 is pointing into the stack for thread: 0x01db9400
ESI=0x00000024 is an unknown value
EDI=0x00000020 is an unknown value


Stack: [0x01d10000,0x01d60000],  sp=0x01d5f950,  free space=318k
Native frames: (J=compiled Java code, j=interpreted, Vv=VM code, C=native code)
C  [ntdll.dll+0x46b90]  RtlEnterCriticalSection+0x12
C  [MSVCRTD.dll+0x1564b]  _lock_file+0x3b
C  [MSVCRTD.dll+0x3932a]  fseek+0x3a
C  [LowLevelJNI.dll+0x2900]  Java_UnitConcatJNI_UnitConcatenative+0x18e7
C  [LowLevelJNI.dll+0x20fa]  Java_UnitConcatJNI_UnitConcatenative+0x10e1
C  [LowLevelJNI.dll+0x1e9f]  Java_UnitConcatJNI_UnitConcatenative+0xe86
C  [LowLevelJNI.dll+0x1d6d]  Java_UnitConcatJNI_UnitConcatenative+0xd54
C  [LowLevelJNI.dll+0x1ab6]  Java_UnitConcatJNI_UnitConcatenative+0xa9d
j  UnitConcatJNI.UnitConcatenative(Ljava/lang/String;Ljava/lang/String;)V+0
j  UnitConcatJNI.concatUni()V+12
j  SpeechSynthesizer.selectUnitAndConductSpeechSynthesizer(Ljava/lang/String;)V+43
j  SpeechSynthesizer.<init>(Ljava/lang/String;)V+16
j  SpeechSynthesizer.main([Ljava/lang/String;)V+31
v  ~StubRoutines::call_stub
V  [jvm.dll+0xfad0b]
V  [jvm.dll+0x18c241]
V  [jvm.dll+0xfad8d]
V  [jvm.dll+0x957b6]
V  [jvm.dll+0x9d5f3]
C  [java.exe+0x2155]
C  [java.exe+0x85b4]
C  [kernel32.dll+0x51174]  BaseThreadInitThunk+0x12
C  [ntdll.dll+0x5b3f5]  RtlInitializeExceptionChain+0x63
C  [ntdll.dll+0x5b3c8]  RtlInitializeExceptionChain+0x36

Java frames: (J=compiled Java code, j=interpreted, Vv=VM code)
j  UnitConcatJNI.UnitConcatenative(Ljava/lang/String;Ljava/lang/String;)V+0
j  UnitConcatJNI.concatUni()V+12
j  SpeechSynthesizer.selectUnitAndConductSpeechSynthesizer(Ljava/lang/String;)V+43
j  SpeechSynthesizer.<init>(Ljava/lang/String;)V+16
j  SpeechSynthesizer.main([Ljava/lang/String;)V+31
v  ~StubRoutines::call_stub

---------------  P R O C E S S  ---------------

Java Threads: ( => current thread )
  0x01f51000 JavaThread "Low Memory Detector" daemon [_thread_blocked, id=3284, stack(0x042e0000,0x04330000)]
  0x01f3d400 JavaThread "C1 CompilerThread0" daemon [_thread_blocked, id=3408, stack(0x04290000,0x042e0000)]
  0x01f3a400 JavaThread "Attach Listener" daemon [_thread_blocked, id=2652, stack(0x04240000,0x04290000)]
  0x01f37400 JavaThread "Signal Dispatcher" daemon [_thread_blocked, id=3752, stack(0x041f0000,0x04240000)]
  0x01f2e800 JavaThread "Finalizer" daemon [_thread_blocked, id=3556, stack(0x041a0000,0x041f0000)]
  0x01f2d000 JavaThread "Reference Handler" daemon [_thread_blocked, id=4736, stack(0x04150000,0x041a0000)]
=>0x01db9400 JavaThread "main" [_thread_in_native, id=5532, stack(0x01d10000,0x01d60000)]

Other Threads:
  0x01ef1800 VMThread [stack: 0x01d60000,0x01db0000] [id=5596]
  0x01f64c00 WatcherThread [stack: 0x04330000,0x04380000] [id=2192]

VM state:not at safepoint (normal execution)

VM Mutex/Monitor currently owned by a thread: None

Heap
 def new generation   total 29952K, used 9406K [0x239f0000, 0x25a70000, 0x28f40000)
  eden space 26624K,  22% used [0x239f0000, 0x23fdf9f0, 0x253f0000)
  from space 3328K, 100% used [0x25730000, 0x25a70000, 0x25a70000)
  to   space 3328K,   0% used [0x253f0000, 0x253f0000, 0x25730000)
 tenured generation   total 66524K, used 62586K [0x28f40000, 0x2d037000, 0x339f0000)
   the space 66524K,  94% used [0x28f40000, 0x2cc5e918, 0x2cc5ea00, 0x2d037000)
 compacting perm gen  total 12288K, used 2907K [0x339f0000, 0x345f0000, 0x379f0000)
   the space 12288K,  23% used [0x339f0000, 0x33cc6fe8, 0x33cc7000, 0x345f0000)
    ro space 10240K,  54% used [0x379f0000, 0x37f6e770, 0x37f6e800, 0x383f0000)
    rw space 12288K,  55% used [0x383f0000, 0x38a94ac8, 0x38a94c00, 0x38ff0000)

Code Cache  [0x01fc0000, 0x020f8000, 0x03fc0000)
 total_blobs=567 nmethods=433 adapters=70 free_code_cache=32344640 largest_free_block=24640

Dynamic libraries:
0x00400000 - 0x00424000 	C:\Program Files\Java\jdk1.6.0_25\bin\java.exe
0x77c10000 - 0x77d4c000 	C:\Windows\SYSTEM32\ntdll.dll
0x77640000 - 0x77714000 	C:\Windows\system32\kernel32.dll
0x75fe0000 - 0x7602a000 	C:\Windows\system32\KERNELBASE.dll
0x77da0000 - 0x77e40000 	C:\Windows\system32\ADVAPI32.dll
0x76dd0000 - 0x76e7c000 	C:\Windows\system32\msvcrt.dll
0x77d50000 - 0x77d69000 	C:\Windows\SYSTEM32\sechost.dll
0x773f0000 - 0x77491000 	C:\Windows\system32\RPCRT4.dll
0x10000000 - 0x1011c000 	C:\Program Files\BkavPro\Firewall\BkavFirewallEngine.dll
0x779e0000 - 0x77aa9000 	C:\Windows\system32\USER32.dll
0x77050000 - 0x7709e000 	C:\Windows\system32\GDI32.dll
0x77d80000 - 0x77d8a000 	C:\Windows\system32\LPK.dll
0x771e0000 - 0x7727d000 	C:\Windows\system32\USP10.dll
0x77170000 - 0x771c7000 	C:\Windows\system32\SHLWAPI.dll
0x77920000 - 0x77955000 	C:\Windows\system32\WS2_32.dll
0x77d70000 - 0x77d76000 	C:\Windows\system32\NSI.dll
0x74050000 - 0x7413b000 	C:\Windows\system32\dbghelp.dll
0x77d90000 - 0x77d95000 	C:\Windows\system32\PSAPI.DLL
0x75230000 - 0x75239000 	C:\Windows\system32\VERSION.dll
0x773d0000 - 0x773ef000 	C:\Windows\system32\IMM32.DLL
0x770a0000 - 0x7716c000 	C:\Windows\system32\MSCTF.dll
0x75d20000 - 0x75d49000 	C:\Windows\system32\Winsta.dll
0x74040000 - 0x74047000 	C:\Windows\system32\Wsock32.dll
0x7c340000 - 0x7c396000 	C:\Program Files\Java\jdk1.6.0_25\jre\bin\msvcr71.dll
0x6d8a0000 - 0x6db4f000 	C:\Program Files\Java\jdk1.6.0_25\jre\bin\client\jvm.dll
0x71d90000 - 0x71dc2000 	C:\Windows\system32\WINMM.dll
0x75c60000 - 0x75cab000 	C:\Windows\system32\apphelp.dll
0x6d850000 - 0x6d85c000 	C:\Program Files\Java\jdk1.6.0_25\jre\bin\verify.dll
0x6d3d0000 - 0x6d3ef000 	C:\Program Files\Java\jdk1.6.0_25\jre\bin\java.dll
0x6d890000 - 0x6d89f000 	C:\Program Files\Java\jdk1.6.0_25\jre\bin\zip.dll
0x6d6b0000 - 0x6d6c3000 	C:\Program Files\Java\jdk1.6.0_25\jre\bin\net.dll
0x757a0000 - 0x757dc000 	C:\Windows\system32\mswsock.dll
0x75790000 - 0x75796000 	C:\Windows\System32\wship6.dll
0x6d6d0000 - 0x6d6d9000 	C:\Program Files\Java\jdk1.6.0_25\jre\bin\nio.dll
0x04580000 - 0x0459b000 	D:\MICASpeechSynthesizer\Thao project\Project guide\TTS_Lowlevel_SVN_InCommand\LowLevelJNI.dll
0x10480000 - 0x104fe000 	C:\Windows\system32\MSVCP60D.dll
0x10200000 - 0x10260000 	C:\Windows\system32\MSVCRTD.dll
0x5f400000 - 0x5f4e5000 	C:\Windows\system32\MFC42D.DLL
0x74b40000 - 0x74b80000 	C:\Windows\system32\uxtheme.dll
0x74720000 - 0x74733000 	C:\Windows\system32\dwmapi.dll
0x74dd0000 - 0x74f6e000 	C:\Windows\WinSxS\x86_microsoft.windows.common-controls_6595b64144ccf1df_6.0.7600.16385_none_421189da2b7fabfc\comctl32.dll
0x77ab0000 - 0x77c0c000 	C:\Windows\system32\ole32.dll
0x75cb0000 - 0x75cbc000 	C:\Windows\system32\CRYPTBASE.dll
0x76d40000 - 0x76dc3000 	C:\Windows\system32\CLBCatQ.DLL
0x76cb0000 - 0x76d3f000 	C:\Windows\system32\OLEAUT32.dll
0x04790000 - 0x047a7000 	C:\Program Files\Lingoes\Translator2\opentext22.dll
0x73e90000 - 0x73ecc000 	C:\Windows\system32\OLEACC.dll
0x04dd0000 - 0x04dd8000 	C:\Program Files\Internet Download Manager\idmmkb.dll
0x04de0000 - 0x04e0f000 	E:\Set up\UniKey4.0\UKHook40.dll
0x76060000 - 0x76ca9000 	C:\Windows\system32\SHELL32.dll

VM Arguments:
jvm_args: -Dfile.encoding=UTF-8 
java_command: SpeechSynthesizer
Launcher Type: SUN_STANDARD

Environment Variables:
PATH=C:\Windows\system32;C:\Windows;C:\Windows\System32\Wbem;C:\Windows\System32\WindowsPowerShell\v1.0\;C:\Program Files\TortoiseSVN\bin;D:\MICASpeechSynthesizer\Thao project\Project guide\TDPSOLA_C\Debug;C:\vnTokenizer;D:\MICASpeechSynthesizer\all versions\version 2.0;
USERNAME=lelightwin
OS=Windows_NT
PROCESSOR_IDENTIFIER=x86 Family 6 Model 23 Stepping 10, GenuineIntel



---------------  S Y S T E M  ---------------

OS: Windows 7 Build 7600 

CPU:total 2 (2 cores per cpu, 1 threads per core) family 6 model 23 stepping 10, cmov, cx8, fxsr, mmx, sse, sse2, sse3, ssse3, sse4.1

Memory: 4k page, physical 3107804k(1502308k free), swap 6213844k(4443044k free)

vm_info: Java HotSpot(TM) Client VM (20.0-b11) for windows-x86 JRE (1.6.0_25-b06), built on Apr 14 2011 01:04:32 by "java_re" with MS VC++ 7.1 (VS2003)

time: Thu Dec 08 09:40:10 2011
elapsed time: 12 seconds

