#
# A fatal error has been detected by the Java Runtime Environment:
#
#  EXCEPTION_ACCESS_VIOLATION (0xc0000005) at pc=0x77716b90, pid=6112, tid=4056
#
# JRE version: 6.0_25-b06
# Java VM: Java HotSpot(TM) Client VM (20.0-b11 mixed mode, sharing windows-x86 )
# Problematic frame:
# C  [ntdll.dll+0x46b90]
#
# If you would like to submit a bug report, please visit:
#   http://java.sun.com/webapps/bugreport/crash.jsp
# The crash happened outside the Java Virtual Machine in native code.
# See problematic frame for where to report the bug.
#

---------------  T H R E A D  ---------------

Current thread (0x01b09400):  JavaThread "main" [_thread_in_native, id=4056, stack(0x01e20000,0x01e70000)]

siginfo: ExceptionCode=0xc0000005, writing address 0x00000024

Registers:
EAX=0x00000024, EBX=0x01e6fb20, ECX=0x00000020, EDX=0x001b0174
ESP=0x01e6f950, EBP=0x01e6f964, ESI=0x00000024, EDI=0x00000020
EIP=0x77716b90, EFLAGS=0x00010212

Top of Stack: (sp=0x01e6f950)
0x01e6f950:   01e6fa48 01e6f9a0 00000000 00000000
0x01e6f960:   01e6f98c 01e6f970 1021564b 00000020
0x01e6f970:   01e6f98c 1023932a 00000000 01e6fa48
0x01e6f980:   01e6f9a0 01e6fb20 046e1d00 01e6fa48
0x01e6f990:   0458228f 00000000 00000000 00000000
0x01e6f9a0:   01e6fabc 01e6fa50 01e6fb20 cccccccc
0x01e6f9b0:   cccccccc cccccccc cccccccc cccccccc
0x01e6f9c0:   cccccccc cccccccc cccccccc cccccccc 

Instructions: (pc=0x77716b90)
0x77716b70:   5f 5b 33 c0 5e 5d c2 04 00 90 90 90 90 90 8b ff
0x77716b80:   55 8b ec 83 ec 0c 56 57 8b 7d 08 8d 77 04 8b c6
0x77716b90:   f0 0f ba 30 00 0f 83 9d f3 00 00 64 a1 18 00 00
0x77716ba0:   00 8b 48 24 89 4f 0c c7 47 08 01 00 00 00 5f 33 


Register to memory mapping:

EAX=0x00000024 is an unknown value
EBX=0x01e6fb20 is pointing into the stack for thread: 0x01b09400
ECX=0x00000020 is an unknown value
EDX=0x001b0174 is an unknown value
ESP=0x01e6f950 is pointing into the stack for thread: 0x01b09400
EBP=0x01e6f964 is pointing into the stack for thread: 0x01b09400
ESI=0x00000024 is an unknown value
EDI=0x00000020 is an unknown value


Stack: [0x01e20000,0x01e70000],  sp=0x01e6f950,  free space=318k
Native frames: (J=compiled Java code, j=interpreted, Vv=VM code, C=native code)
C  [ntdll.dll+0x46b90]  RtlEnterCriticalSection+0x12
C  [MSVCRTD.dll+0x1564b]  _lock_file+0x3b
C  [MSVCRTD.dll+0x3932a]  fseek+0x3a
C  [LowLevelJNI.dll+0x228f]  WriteWavFile+0xaf
C  [LowLevelJNI.dll+0x20fa]  ParseLine+0x21a
C  [LowLevelJNI.dll+0x1e9f]  ReadLine+0x8f
C  [LowLevelJNI.dll+0x1d6d]  ReadText+0x20d
C  [LowLevelJNI.dll+0x1ab6]  Java_UnitConcatJNI_UnitConcatenative+0x86
j  UnitConcatJNI.UnitConcatenative(Ljava/lang/String;Ljava/lang/String;)V+0
j  UnitConcatJNI.concatUni()V+12
j  SpeechSynthesizer.selectUnitAndConductSpeechSynthesizer(Ljava/lang/String;)V+43
j  SpeechSynthesizer.<init>(Ljava/lang/String;)V+16
j  SpeechSynthesizer.main([Ljava/lang/String;)V+31
v  ~StubRoutines::call_stub
V  [jvm.dll+0xfad0b]
V  [jvm.dll+0x18c241]
V  [jvm.dll+0xfad8d]
V  [jvm.dll+0x957b6]
V  [jvm.dll+0x9d5f3]
C  [java.exe+0x2155]
C  [java.exe+0x85b4]
C  [kernel32.dll+0x51174]  BaseThreadInitThunk+0x12
C  [ntdll.dll+0x5b3f5]  RtlInitializeExceptionChain+0x63
C  [ntdll.dll+0x5b3c8]  RtlInitializeExceptionChain+0x36

Java frames: (J=compiled Java code, j=interpreted, Vv=VM code)
j  UnitConcatJNI.UnitConcatenative(Ljava/lang/String;Ljava/lang/String;)V+0
j  UnitConcatJNI.concatUni()V+12
j  SpeechSynthesizer.selectUnitAndConductSpeechSynthesizer(Ljava/lang/String;)V+43
j  SpeechSynthesizer.<init>(Ljava/lang/String;)V+16
j  SpeechSynthesizer.main([Ljava/lang/String;)V+31
v  ~StubRoutines::call_stub

---------------  P R O C E S S  ---------------

Java Threads: ( => current thread )
  0x01effc00 JavaThread "Low Memory Detector" daemon [_thread_blocked, id=5820, stack(0x042e0000,0x04330000)]
  0x01eed400 JavaThread "C1 CompilerThread0" daemon [_thread_blocked, id=4764, stack(0x04290000,0x042e0000)]
  0x01eea400 JavaThread "Attach Listener" daemon [_thread_blocked, id=520, stack(0x04240000,0x04290000)]
  0x01ee7400 JavaThread "Signal Dispatcher" daemon [_thread_blocked, id=5876, stack(0x041f0000,0x04240000)]
  0x01ee1c00 JavaThread "Finalizer" daemon [_thread_blocked, id=4724, stack(0x041a0000,0x041f0000)]
  0x01edd000 JavaThread "Reference Handler" daemon [_thread_blocked, id=3176, stack(0x04150000,0x041a0000)]
=>0x01b09400 JavaThread "main" [_thread_in_native, id=4056, stack(0x01e20000,0x01e70000)]

Other Threads:
  0x01ea1800 VMThread [stack: 0x04100000,0x04150000] [id=4988]
  0x01f11400 WatcherThread [stack: 0x04330000,0x04380000] [id=5584]

VM state:not at safepoint (normal execution)

VM Mutex/Monitor currently owned by a thread: None

Heap
 def new generation   total 16832K, used 9686K [0x239f0000, 0x24c30000, 0x28f40000)
  eden space 14976K,  52% used [0x239f0000, 0x241958e8, 0x24890000)
  from space 1856K, 100% used [0x24890000, 0x24a60000, 0x24a60000)
  to   space 1856K,   0% used [0x24a60000, 0x24a60000, 0x24c30000)
 tenured generation   total 37276K, used 31572K [0x28f40000, 0x2b3a7000, 0x339f0000)
   the space 37276K,  84% used [0x28f40000, 0x2ae15380, 0x2ae15400, 0x2b3a7000)
 compacting perm gen  total 12288K, used 2904K [0x339f0000, 0x345f0000, 0x379f0000)
   the space 12288K,  23% used [0x339f0000, 0x33cc62d0, 0x33cc6400, 0x345f0000)
    ro space 10240K,  54% used [0x379f0000, 0x37f6e770, 0x37f6e800, 0x383f0000)
    rw space 12288K,  55% used [0x383f0000, 0x38a94ac8, 0x38a94c00, 0x38ff0000)

Code Cache  [0x01f70000, 0x02098000, 0x03f70000)
 total_blobs=521 nmethods=387 adapters=70 free_code_cache=32368640 largest_free_block=0

Dynamic libraries:
0x00400000 - 0x00424000 	C:\Program Files\Java\jdk1.6.0_25\bin\java.exe
0x776d0000 - 0x7780c000 	C:\Windows\SYSTEM32\ntdll.dll
0x773c0000 - 0x77494000 	C:\Windows\system32\kernel32.dll
0x75930000 - 0x7597a000 	C:\Windows\system32\KERNELBASE.dll
0x768c0000 - 0x76960000 	C:\Windows\system32\ADVAPI32.dll
0x76a60000 - 0x76b0c000 	C:\Windows\system32\msvcrt.dll
0x76780000 - 0x76799000 	C:\Windows\SYSTEM32\sechost.dll
0x767f0000 - 0x76891000 	C:\Windows\system32\RPCRT4.dll
0x10000000 - 0x1011a000 	C:\Program Files\BkavPro\Firewall\BkavFirewallEngine.dll
0x774a0000 - 0x77569000 	C:\Windows\system32\USER32.dll
0x77370000 - 0x773be000 	C:\Windows\system32\GDI32.dll
0x76770000 - 0x7677a000 	C:\Windows\system32\LPK.dll
0x772d0000 - 0x7736d000 	C:\Windows\system32\USP10.dll
0x76fa0000 - 0x76ff7000 	C:\Windows\system32\SHLWAPI.dll
0x778b0000 - 0x778e5000 	C:\Windows\system32\WS2_32.dll
0x77810000 - 0x77816000 	C:\Windows\system32\NSI.dll
0x73910000 - 0x739fb000 	C:\Windows\system32\dbghelp.dll
0x778f0000 - 0x778f5000 	C:\Windows\system32\PSAPI.DLL
0x74d20000 - 0x74d29000 	C:\Windows\system32\VERSION.dll
0x768a0000 - 0x768bf000 	C:\Windows\system32\IMM32.DLL
0x77200000 - 0x772cc000 	C:\Windows\system32\MSCTF.dll
0x757e0000 - 0x75809000 	C:\Windows\system32\Winsta.dll
0x73900000 - 0x73907000 	C:\Windows\system32\Wsock32.dll
0x7c340000 - 0x7c396000 	C:\Program Files\Java\jdk1.6.0_25\jre\bin\msvcr71.dll
0x6d8a0000 - 0x6db4f000 	C:\Program Files\Java\jdk1.6.0_25\jre\bin\client\jvm.dll
0x704e0000 - 0x70512000 	C:\Windows\system32\WINMM.dll
0x75720000 - 0x7576b000 	C:\Windows\system32\apphelp.dll
0x6d850000 - 0x6d85c000 	C:\Program Files\Java\jdk1.6.0_25\jre\bin\verify.dll
0x6d3d0000 - 0x6d3ef000 	C:\Program Files\Java\jdk1.6.0_25\jre\bin\java.dll
0x6d890000 - 0x6d89f000 	C:\Program Files\Java\jdk1.6.0_25\jre\bin\zip.dll
0x6d6b0000 - 0x6d6c3000 	C:\Program Files\Java\jdk1.6.0_25\jre\bin\net.dll
0x75260000 - 0x7529c000 	C:\Windows\system32\mswsock.dll
0x75250000 - 0x75256000 	C:\Windows\System32\wship6.dll
0x6d6d0000 - 0x6d6d9000 	C:\Program Files\Java\jdk1.6.0_25\jre\bin\nio.dll
0x04580000 - 0x0459b000 	D:\MICASpeechSynthesizer\Thao project\Project guide\TTS_Lowlevel_SVN_InCommand\LowLevelJNI.dll
0x10480000 - 0x104fe000 	C:\Windows\system32\MSVCP60D.dll
0x10200000 - 0x10260000 	C:\Windows\system32\MSVCRTD.dll
0x5f400000 - 0x5f4e5000 	C:\Windows\system32\MFC42D.DLL
0x74740000 - 0x74780000 	C:\Windows\system32\uxtheme.dll
0x74410000 - 0x74423000 	C:\Windows\system32\dwmapi.dll
0x748c0000 - 0x74a5e000 	C:\Windows\WinSxS\x86_microsoft.windows.common-controls_6595b64144ccf1df_6.0.7600.16385_none_421189da2b7fabfc\comctl32.dll
0x77570000 - 0x776cc000 	C:\Windows\system32\ole32.dll
0x75770000 - 0x7577c000 	C:\Windows\system32\CRYPTBASE.dll
0x76d70000 - 0x76df3000 	C:\Windows\system32\CLBCatQ.DLL
0x76ce0000 - 0x76d6f000 	C:\Windows\system32\OLEAUT32.dll
0x055c0000 - 0x055d7000 	C:\Program Files\Lingoes\Translator2\opentext22.dll
0x73a90000 - 0x73acc000 	C:\Windows\system32\OLEACC.dll
0x05600000 - 0x05608000 	C:\Program Files\Internet Download Manager\idmmkb.dll
0x07000000 - 0x0702f000 	E:\Set up\UniKey4.0\UKHook40.dll
0x75b20000 - 0x76769000 	C:\Windows\system32\SHELL32.dll

VM Arguments:
jvm_args: -Dfile.encoding=UTF-8 
java_command: SpeechSynthesizer
Launcher Type: SUN_STANDARD

Environment Variables:
PATH=C:\Windows\system32;C:\Windows;C:\Windows\System32\Wbem;C:\Windows\System32\WindowsPowerShell\v1.0\;C:\Program Files\TortoiseSVN\bin;D:\MICASpeechSynthesizer\Thao project\Project guide\TDPSOLA_C\Debug;C:\vnTokenizer;
USERNAME=lelightwin
OS=Windows_NT
PROCESSOR_IDENTIFIER=x86 Family 6 Model 23 Stepping 10, GenuineIntel



---------------  S Y S T E M  ---------------

OS: Windows 7 Build 7600 

CPU:total 2 (2 cores per cpu, 1 threads per core) family 6 model 23 stepping 10, cmov, cx8, fxsr, mmx, sse, sse2, sse3, ssse3, sse4.1

Memory: 4k page, physical 3107804k(2050912k free), swap 6213844k(4754176k free)

vm_info: Java HotSpot(TM) Client VM (20.0-b11) for windows-x86 JRE (1.6.0_25-b06), built on Apr 14 2011 01:04:32 by "java_re" with MS VC++ 7.1 (VS2003)

time: Fri Dec 02 15:29:00 2011
elapsed time: 7 seconds

