#
# A fatal error has been detected by the Java Runtime Environment:
#
#  EXCEPTION_UNCAUGHT_CXX_EXCEPTION (0xe06d7363) at pc=0x756b9617, pid=5912, tid=5700
#
# JRE version: 6.0_25-b06
# Java VM: Java HotSpot(TM) Client VM (20.0-b11 mixed mode, sharing windows-x86 )
# Problematic frame:
# C  [KERNELBASE.dll+0x9617]
#
# If you would like to submit a bug report, please visit:
#   http://java.sun.com/webapps/bugreport/crash.jsp
# The crash happened outside the Java Virtual Machine in native code.
# See problematic frame for where to report the bug.
#

---------------  T H R E A D  ---------------

Current thread (0x01e69400):  JavaThread "main" [_thread_in_native, id=5700, stack(0x01a10000,0x01a60000)]

siginfo: ExceptionCode=0xe06d7363, ExceptionInformation=0x19930520 0x01a5f970 0x5f4bd088 

Registers:
EAX=0x01a5f8d0, EBX=0x01a5fb20, ECX=0x00000003, EDX=0x00000000
ESP=0x01a5f8d0, EBP=0x01a5f920, ESI=0x1024db48, EDI=0x01a5f960
EIP=0x756b9617, EFLAGS=0x00000212

Top of Stack: (sp=0x01a5f8d0)
0x01a5f8d0:   e06d7363 00000001 00000000 756b9617
0x01a5f8e0:   00000003 19930520 01a5f970 5f4bd088
0x01a5f8f0:   01a5f92c 5f491148 0000000f 001aad18
0x01a5f900:   01a5fa48 01a5f9a0 01a5fb20 5f4a7507
0x01a5f910:   01a5f930 5f491875 0000000f 01a5fa48
0x01a5f920:   01a5f960 10209869 e06d7363 00000001
0x01a5f930:   00000003 01a5f954 01a5fa48 01a5f9a0
0x01a5f940:   e06d7363 00000001 00000000 00000000 

Instructions: (pc=0x756b9617)
0x756b95f7:   89 45 c0 c1 e0 02 50 ff 75 14 8d 45 c4 50 e8 6f
0x756b9607:   d1 ff ff 83 c4 0c 8d 45 b0 50 ff 15 6c 11 6b 75
0x756b9617:   c9 c2 10 00 89 45 c0 eb ed 90 90 90 90 90 8b ff
0x756b9627:   55 8b ec 83 ec 1c 6a 00 6a 1c 8d 45 e4 50 6a 00 


Register to memory mapping:

EAX=0x01a5f8d0 is pointing into the stack for thread: 0x01e69400
EBX=0x01a5fb20 is pointing into the stack for thread: 0x01e69400
ECX=0x00000003 is an unknown value
EDX=0x00000000 is an unknown value
ESP=0x01a5f8d0 is pointing into the stack for thread: 0x01e69400
EBP=0x01a5f920 is pointing into the stack for thread: 0x01e69400
ESI=0x1024db48 is an unknown value
EDI=0x01a5f960 is pointing into the stack for thread: 0x01e69400


Stack: [0x01a10000,0x01a60000],  sp=0x01a5f8d0,  free space=318k
Native frames: (J=compiled Java code, j=interpreted, Vv=VM code, C=native code)
C  [KERNELBASE.dll+0x9617]  RaiseException+0x54
C  [MSVCRTD.dll+0x9869]  _CxxThrowException+0x39
C  [MFC42D.DLL+0x4b25]  AfxThrowMemoryException+0x19
C  [MFC42D.DLL+0x274e6]  AfxNewHandler+0x8
C  [MFC42D.DLL+0x27581]  operator new+0x58
C  [LowLevelJNI.dll+0x2784]  WriteWavFile+0x5e4
C  [LowLevelJNI.dll+0x20c1]  ParseLine+0x1e1
C  [LowLevelJNI.dll+0x1e9f]  ReadLine+0x8f
C  [LowLevelJNI.dll+0x1d6d]  ReadText+0x20d
C  [LowLevelJNI.dll+0x1ab6]  Java_UnitConcatJNI_UnitConcatenative+0x86
j  UnitConcatJNI.UnitConcatenative(Ljava/lang/String;Ljava/lang/String;)V+0
j  UnitConcatJNI.concatUni()V+12
j  SpeechSynthesizer.selectUnitAndConductSpeechSynthesizer(Ljava/lang/String;)V+43
j  SpeechSynthesizer.<init>(Ljava/lang/String;)V+16
j  SpeechSynthesizer.main([Ljava/lang/String;)V+31
v  ~StubRoutines::call_stub
V  [jvm.dll+0xfad0b]
V  [jvm.dll+0x18c241]
V  [jvm.dll+0xfad8d]
V  [jvm.dll+0x957b6]
V  [jvm.dll+0x9d5f3]
C  [java.exe+0x2155]
C  [java.exe+0x85b4]
C  [kernel32.dll+0x51174]  BaseThreadInitThunk+0x12
C  [ntdll.dll+0x5b3f5]  RtlInitializeExceptionChain+0x63
C  [ntdll.dll+0x5b3c8]  RtlInitializeExceptionChain+0x36

Java frames: (J=compiled Java code, j=interpreted, Vv=VM code)
j  UnitConcatJNI.UnitConcatenative(Ljava/lang/String;Ljava/lang/String;)V+0
j  UnitConcatJNI.concatUni()V+12
j  SpeechSynthesizer.selectUnitAndConductSpeechSynthesizer(Ljava/lang/String;)V+43
j  SpeechSynthesizer.<init>(Ljava/lang/String;)V+16
j  SpeechSynthesizer.main([Ljava/lang/String;)V+31
v  ~StubRoutines::call_stub

---------------  P R O C E S S  ---------------

Java Threads: ( => current thread )
  0x01ff2000 JavaThread "Low Memory Detector" daemon [_thread_blocked, id=3892, stack(0x04360000,0x043b0000)]
  0x01fed400 JavaThread "C1 CompilerThread0" daemon [_thread_blocked, id=3692, stack(0x04310000,0x04360000)]
  0x01fea400 JavaThread "Attach Listener" daemon [_thread_blocked, id=5104, stack(0x042c0000,0x04310000)]
  0x01fe7400 JavaThread "Signal Dispatcher" daemon [_thread_blocked, id=5852, stack(0x04270000,0x042c0000)]
  0x01fde800 JavaThread "Finalizer" daemon [_thread_blocked, id=5336, stack(0x04220000,0x04270000)]
  0x01fdd000 JavaThread "Reference Handler" daemon [_thread_blocked, id=3360, stack(0x041d0000,0x04220000)]
=>0x01e69400 JavaThread "main" [_thread_in_native, id=5700, stack(0x01a10000,0x01a60000)]

Other Threads:
  0x01fa1800 VMThread [stack: 0x04180000,0x041d0000] [id=6060]
  0x0201d000 WatcherThread [stack: 0x043b0000,0x04400000] [id=3740]

VM state:not at safepoint (normal execution)

VM Mutex/Monitor currently owned by a thread: None

Heap
 def new generation   total 16832K, used 14124K [0x239f0000, 0x24c30000, 0x28f40000)
  eden space 14976K,  81% used [0x239f0000, 0x245eb178, 0x24890000)
  from space 1856K, 100% used [0x24a60000, 0x24c30000, 0x24c30000)
  to   space 1856K,   0% used [0x24890000, 0x24890000, 0x24a60000)
 tenured generation   total 37276K, used 36998K [0x28f40000, 0x2b3a7000, 0x339f0000)
   the space 37276K,  99% used [0x28f40000, 0x2b361990, 0x2b361a00, 0x2b3a7000)
 compacting perm gen  total 12288K, used 2905K [0x339f0000, 0x345f0000, 0x379f0000)
   the space 12288K,  23% used [0x339f0000, 0x33cc6408, 0x33cc6600, 0x345f0000)
    ro space 10240K,  54% used [0x379f0000, 0x37f6e770, 0x37f6e800, 0x383f0000)
    rw space 12288K,  55% used [0x383f0000, 0x38a94ac8, 0x38a94c00, 0x38ff0000)

Code Cache  [0x02070000, 0x021a8000, 0x04070000)
 total_blobs=558 nmethods=424 adapters=70 free_code_cache=32307072 largest_free_block=14144

Dynamic libraries:
0x00400000 - 0x00424000 	C:\Program Files\Java\jdk1.6.0_25\bin\java.exe
0x772b0000 - 0x773ec000 	C:\Windows\SYSTEM32\ntdll.dll
0x75e80000 - 0x75f54000 	C:\Windows\system32\kernel32.dll
0x756b0000 - 0x756fa000 	C:\Windows\system32\KERNELBASE.dll
0x759f0000 - 0x75a90000 	C:\Windows\system32\ADVAPI32.dll
0x76370000 - 0x7641c000 	C:\Windows\system32\msvcrt.dll
0x77440000 - 0x77459000 	C:\Windows\SYSTEM32\sechost.dll
0x75940000 - 0x759e1000 	C:\Windows\system32\RPCRT4.dll
0x10000000 - 0x1011c000 	C:\Program Files\BkavPro\Firewall\BkavFirewallEngine.dll
0x76210000 - 0x762d9000 	C:\Windows\system32\USER32.dll
0x773f0000 - 0x7743e000 	C:\Windows\system32\GDI32.dll
0x75df0000 - 0x75dfa000 	C:\Windows\system32\LPK.dll
0x75bc0000 - 0x75c5d000 	C:\Windows\system32\USP10.dll
0x77480000 - 0x774d7000 	C:\Windows\system32\SHLWAPI.dll
0x75900000 - 0x75935000 	C:\Windows\system32\WS2_32.dll
0x77470000 - 0x77476000 	C:\Windows\system32\NSI.dll
0x73cb0000 - 0x73d9b000 	C:\Windows\system32\dbghelp.dll
0x77460000 - 0x77465000 	C:\Windows\system32\PSAPI.DLL
0x74900000 - 0x74909000 	C:\Windows\system32\VERSION.dll
0x761f0000 - 0x7620f000 	C:\Windows\system32\IMM32.DLL
0x75af0000 - 0x75bbc000 	C:\Windows\system32\MSCTF.dll
0x753c0000 - 0x753e9000 	C:\Windows\system32\Winsta.dll
0x73ca0000 - 0x73ca7000 	C:\Windows\system32\Wsock32.dll
0x7c340000 - 0x7c396000 	C:\Program Files\Java\jdk1.6.0_25\jre\bin\msvcr71.dll
0x6d8a0000 - 0x6db4f000 	C:\Program Files\Java\jdk1.6.0_25\jre\bin\client\jvm.dll
0x71430000 - 0x71462000 	C:\Windows\system32\WINMM.dll
0x75300000 - 0x7534b000 	C:\Windows\system32\apphelp.dll
0x6d850000 - 0x6d85c000 	C:\Program Files\Java\jdk1.6.0_25\jre\bin\verify.dll
0x6d3d0000 - 0x6d3ef000 	C:\Program Files\Java\jdk1.6.0_25\jre\bin\java.dll
0x6d890000 - 0x6d89f000 	C:\Program Files\Java\jdk1.6.0_25\jre\bin\zip.dll
0x6d6b0000 - 0x6d6c3000 	C:\Program Files\Java\jdk1.6.0_25\jre\bin\net.dll
0x74e40000 - 0x74e7c000 	C:\Windows\system32\mswsock.dll
0x74e30000 - 0x74e36000 	C:\Windows\System32\wship6.dll
0x6d6d0000 - 0x6d6d9000 	C:\Program Files\Java\jdk1.6.0_25\jre\bin\nio.dll
0x01a60000 - 0x01a7b000 	D:\MICASpeechSynthesizer\Thao project\Project guide\TTS_Lowlevel_SVN_InCommand\LowLevelJNI.dll
0x10480000 - 0x104fe000 	C:\Windows\system32\MSVCP60D.dll
0x10200000 - 0x10260000 	C:\Windows\system32\MSVCRTD.dll
0x5f400000 - 0x5f4e5000 	C:\Windows\system32\MFC42D.DLL

VM Arguments:
jvm_args: -Dfile.encoding=UTF-8 
java_command: SpeechSynthesizer
Launcher Type: SUN_STANDARD

Environment Variables:
PATH=C:\Windows\system32;C:\Windows;C:\Windows\System32\Wbem;C:\Windows\System32\WindowsPowerShell\v1.0\;C:\Program Files\TortoiseSVN\bin;D:\MICASpeechSynthesizer\Thao project\Project guide\TDPSOLA_C\Debug;C:\vnTokenizer;D:\MICASpeechSynthesizer\all versions\version 2.0;
USERNAME=lelightwin
OS=Windows_NT
PROCESSOR_IDENTIFIER=x86 Family 6 Model 23 Stepping 10, GenuineIntel



---------------  S Y S T E M  ---------------

OS: Windows 7 Build 7600 

CPU:total 2 (2 cores per cpu, 1 threads per core) family 6 model 23 stepping 10, cmov, cx8, fxsr, mmx, sse, sse2, sse3, ssse3, sse4.1

Memory: 4k page, physical 3107804k(1618084k free), swap 6213844k(4597908k free)

vm_info: Java HotSpot(TM) Client VM (20.0-b11) for windows-x86 JRE (1.6.0_25-b06), built on Apr 14 2011 01:04:32 by "java_re" with MS VC++ 7.1 (VS2003)

time: Fri Dec 09 09:28:41 2011
elapsed time: 5 seconds

