#
# A fatal error has been detected by the Java Runtime Environment:
#
#  EXCEPTION_UNCAUGHT_CXX_EXCEPTION (0xe06d7363) at pc=0x75559617, pid=3336, tid=5248
#
# JRE version: 6.0_29-b11
# Java VM: Java HotSpot(TM) Client VM (20.4-b02 mixed mode, sharing windows-x86 )
# Problematic frame:
# C  [KERNELBASE.dll+0x9617]
#
# If you would like to submit a bug report, please visit:
#   http://java.sun.com/webapps/bugreport/crash.jsp
# The crash happened outside the Java Virtual Machine in native code.
# See problematic frame for where to report the bug.
#

---------------  T H R E A D  ---------------

Current thread (0x00b39800):  JavaThread "main" [_thread_in_native, id=5248, stack(0x00190000,0x001e0000)]

siginfo: ExceptionCode=0xe06d7363, ExceptionInformation=0x19930520 0x001df960 0x5f4bd088 

Registers:
EAX=0x001df8c0, EBX=0x001dfb10, ECX=0x00000003, EDX=0x00000000
ESP=0x001df8c0, EBP=0x001df910, ESI=0x1024db48, EDI=0x001df950
EIP=0x75559617, EFLAGS=0x00000216

Top of Stack: (sp=0x001df8c0)
0x001df8c0:   e06d7363 00000001 00000000 75559617
0x001df8d0:   00000003 19930520 001df960 5f4bd088
0x001df8e0:   001df91c 5f491148 0000000a 0021f260
0x001df8f0:   001dfa38 001df990 001dfb10 5f4a7507
0x001df900:   001df920 5f491875 0000000a 001dfa38
0x001df910:   001df950 10209869 e06d7363 00000001
0x001df920:   00000003 001df944 001dfa38 001df990
0x001df930:   e06d7363 00000001 00000000 00000000 

Instructions: (pc=0x75559617)
0x755595f7:   89 45 c0 c1 e0 02 50 ff 75 14 8d 45 c4 50 e8 6f
0x75559607:   d1 ff ff 83 c4 0c 8d 45 b0 50 ff 15 6c 11 55 75
0x75559617:   c9 c2 10 00 89 45 c0 eb ed 90 90 90 90 90 8b ff
0x75559627:   55 8b ec 83 ec 1c 6a 00 6a 1c 8d 45 e4 50 6a 00 


Register to memory mapping:

EAX=0x001df8c0 is pointing into the stack for thread: 0x00b39800
EBX=0x001dfb10 is pointing into the stack for thread: 0x00b39800
ECX=0x00000003 is an unknown value
EDX=0x00000000 is an unknown value
ESP=0x001df8c0 is pointing into the stack for thread: 0x00b39800
EBP=0x001df910 is pointing into the stack for thread: 0x00b39800
ESI=0x1024db48 is an unknown value
EDI=0x001df950 is pointing into the stack for thread: 0x00b39800


Stack: [0x00190000,0x001e0000],  sp=0x001df8c0,  free space=318k
Native frames: (J=compiled Java code, j=interpreted, Vv=VM code, C=native code)
C  [KERNELBASE.dll+0x9617]  RaiseException+0x54
C  [MSVCRTD.dll+0x9869]  _CxxThrowException+0x39
C  [MFC42D.DLL+0x4b25]  AfxThrowMemoryException+0x19
C  [MFC42D.DLL+0x274e6]  AfxNewHandler+0x8
C  [MFC42D.DLL+0x27581]  operator new+0x58
C  [LowLevelJNI.dll+0x2784]  WriteWavFile+0x5e4
C  [LowLevelJNI.dll+0x20c1]  ParseLine+0x1e1
C  [LowLevelJNI.dll+0x1e9f]  ReadLine+0x8f
C  [LowLevelJNI.dll+0x1d6d]  ReadText+0x20d
C  [LowLevelJNI.dll+0x1ab6]  Java_UnitConcatJNI_UnitConcatenative+0x86
j  UnitConcatJNI.UnitConcatenative(Ljava/lang/String;Ljava/lang/String;)V+0
j  UnitConcatJNI.concatUni()V+12
j  SpeechSynthesizer.selectUnitAndConductSpeechSynthesizer(Ljava/lang/String;)V+105
j  SpeechSynthesizer.<init>(Ljava/lang/String;)V+16
j  SpeechSynthesizer.main([Ljava/lang/String;)V+50
v  ~StubRoutines::call_stub
V  [jvm.dll+0xfac3b]
V  [jvm.dll+0x18c391]
V  [jvm.dll+0xfacbd]
V  [jvm.dll+0x95776]
V  [jvm.dll+0x9d5b3]
C  [java.exe+0x2155]
C  [java.exe+0x85b4]
C  [kernel32.dll+0x51174]  BaseThreadInitThunk+0x12
C  [ntdll.dll+0x5b3f5]  RtlInitializeExceptionChain+0x63
C  [ntdll.dll+0x5b3c8]  RtlInitializeExceptionChain+0x36

Java frames: (J=compiled Java code, j=interpreted, Vv=VM code)
j  UnitConcatJNI.UnitConcatenative(Ljava/lang/String;Ljava/lang/String;)V+0
j  UnitConcatJNI.concatUni()V+12
j  SpeechSynthesizer.selectUnitAndConductSpeechSynthesizer(Ljava/lang/String;)V+105
j  SpeechSynthesizer.<init>(Ljava/lang/String;)V+16
j  SpeechSynthesizer.main([Ljava/lang/String;)V+50
v  ~StubRoutines::call_stub

---------------  P R O C E S S  ---------------

Java Threads: ( => current thread )
  0x018d4c00 JavaThread "Low Memory Detector" daemon [_thread_blocked, id=1036, stack(0x03ce0000,0x03d30000)]
  0x018d4400 JavaThread "C1 CompilerThread0" daemon [_thread_blocked, id=4844, stack(0x03c90000,0x03ce0000)]
  0x018d0800 JavaThread "Attach Listener" daemon [_thread_blocked, id=2164, stack(0x03c40000,0x03c90000)]
  0x018ce000 JavaThread "Signal Dispatcher" daemon [_thread_blocked, id=600, stack(0x03bf0000,0x03c40000)]
  0x018bc000 JavaThread "Finalizer" daemon [_thread_blocked, id=5204, stack(0x03ba0000,0x03bf0000)]
  0x018ba400 JavaThread "Reference Handler" daemon [_thread_blocked, id=948, stack(0x03b50000,0x03ba0000)]
=>0x00b39800 JavaThread "main" [_thread_in_native, id=5248, stack(0x00190000,0x001e0000)]

Other Threads:
  0x0187e800 VMThread [stack: 0x03b00000,0x03b50000] [id=1728]
  0x018de400 WatcherThread [stack: 0x03d30000,0x03d80000] [id=4728]

VM state:not at safepoint (normal execution)

VM Mutex/Monitor currently owned by a thread: None

Heap
 def new generation   total 16960K, used 12737K [0x23a50000, 0x24cb0000, 0x28fa0000)
  eden space 15104K,  72% used [0x23a50000, 0x244f05a8, 0x24910000)
  from space 1856K, 100% used [0x24910000, 0x24ae0000, 0x24ae0000)
  to   space 1856K,   0% used [0x24ae0000, 0x24ae0000, 0x24cb0000)
 tenured generation   total 37556K, used 31627K [0x28fa0000, 0x2b44d000, 0x33a50000)
   the space 37556K,  84% used [0x28fa0000, 0x2ae82d28, 0x2ae82e00, 0x2b44d000)
 compacting perm gen  total 12288K, used 2930K [0x33a50000, 0x34650000, 0x37a50000)
   the space 12288K,  23% used [0x33a50000, 0x33d2cbc8, 0x33d2cc00, 0x34650000)
    ro space 10240K,  54% used [0x37a50000, 0x37fcdaf0, 0x37fcdc00, 0x38450000)
    rw space 12288K,  55% used [0x38450000, 0x38af1ce8, 0x38af1e00, 0x39050000)

Code Cache  [0x01940000, 0x01a70000, 0x03940000)
 total_blobs=533 nmethods=399 adapters=70 free_code_cache=32313600 largest_free_block=0

Dynamic libraries:
0x00400000 - 0x00424000 	C:\Program Files\Java\jdk1.6.0_29\bin\java.exe
0x77150000 - 0x7728c000 	C:\Windows\SYSTEM32\ntdll.dll
0x77290000 - 0x77364000 	C:\Windows\system32\kernel32.dll
0x75550000 - 0x7559a000 	C:\Windows\system32\KERNELBASE.dll
0x75950000 - 0x759f0000 	C:\Windows\system32\ADVAPI32.dll
0x77050000 - 0x770fc000 	C:\Windows\system32\msvcrt.dll
0x76910000 - 0x76929000 	C:\Windows\SYSTEM32\sechost.dll
0x76ed0000 - 0x76f71000 	C:\Windows\system32\RPCRT4.dll
0x7c340000 - 0x7c396000 	C:\Program Files\Java\jdk1.6.0_29\jre\bin\msvcr71.dll
0x6d8a0000 - 0x6db4f000 	C:\Program Files\Java\jdk1.6.0_29\jre\bin\client\jvm.dll
0x76930000 - 0x769f9000 	C:\Windows\system32\USER32.dll
0x77100000 - 0x7714e000 	C:\Windows\system32\GDI32.dll
0x76d60000 - 0x76d6a000 	C:\Windows\system32\LPK.dll
0x76f80000 - 0x7701d000 	C:\Windows\system32\USP10.dll
0x73710000 - 0x73742000 	C:\Windows\system32\WINMM.dll
0x76860000 - 0x7687f000 	C:\Windows\system32\IMM32.DLL
0x757f0000 - 0x758bc000 	C:\Windows\system32\MSCTF.dll
0x751d0000 - 0x7521b000 	C:\Windows\system32\apphelp.dll
0x6d850000 - 0x6d85c000 	C:\Program Files\Java\jdk1.6.0_29\jre\bin\verify.dll
0x6d3d0000 - 0x6d3ef000 	C:\Program Files\Java\jdk1.6.0_29\jre\bin\java.dll
0x6d890000 - 0x6d89f000 	C:\Program Files\Java\jdk1.6.0_29\jre\bin\zip.dll
0x6d6b0000 - 0x6d6c3000 	C:\Program Files\Java\jdk1.6.0_29\jre\bin\net.dll
0x759f0000 - 0x75a25000 	C:\Windows\system32\WS2_32.dll
0x76ec0000 - 0x76ec6000 	C:\Windows\system32\NSI.dll
0x74cc0000 - 0x74cfc000 	C:\Windows\system32\mswsock.dll
0x74cb0000 - 0x74cb6000 	C:\Windows\System32\wship6.dll
0x6d6d0000 - 0x6d6d9000 	C:\Program Files\Java\jdk1.6.0_29\jre\bin\nio.dll
0x10000000 - 0x1001b000 	E:\work\MICASpeechSynthesizer\Thao project\Project guide\TTS_Lowlevel_SVN_InCommand\LowLevelJNI.dll
0x10480000 - 0x104fe000 	C:\Windows\system32\MSVCP60D.dll
0x10200000 - 0x10260000 	C:\Windows\system32\MSVCRTD.dll
0x5f400000 - 0x5f4e5000 	C:\Windows\system32\MFC42D.DLL
0x76d70000 - 0x76d75000 	C:\Windows\system32\PSAPI.DLL

VM Arguments:
jvm_args: -Dfile.encoding=UTF-8 
java_command: SpeechSynthesizer
Launcher Type: SUN_STANDARD

Environment Variables:
CLASSPATH=.;C:\Program Files\Java\jre7\lib\ext\QTJava.zip
PATH=C:\Windows\system32;C:\Windows;C:\Windows\System32\Wbem;C:\Windows\System32\WindowsPowerShell\v1.0\;C:\Program Files\Java\jdk1.6.0_29\bin;C:\xampp\php;C:\Program Files\QuickTime\QTSystem\
USERNAME=lelightwin
OS=Windows_NT
PROCESSOR_IDENTIFIER=x86 Family 6 Model 37 Stepping 5, GenuineIntel



---------------  S Y S T E M  ---------------

OS: Windows 7 Build 7600 

CPU:total 4 (2 cores per cpu, 2 threads per core) family 6 model 37 stepping 5, cmov, cx8, fxsr, mmx, sse, sse2, sse3, ssse3, sse4.1, sse4.2, popcnt, ht

Memory: 4k page, physical 3619896k(1753560k free), swap 7238028k(5274176k free)

vm_info: Java HotSpot(TM) Client VM (20.4-b02) for windows-x86 JRE (1.6.0_29-b11), built on Oct  3 2011 01:01:08 by "java_re" with MS VC++ 7.1 (VS2003)

time: Thu Mar 08 10:42:03 2012
elapsed time: 1 seconds

