#
# A fatal error has been detected by the Java Runtime Environment:
#
#  EXCEPTION_ACCESS_VIOLATION (0xc0000005) at pc=0x76ea6b90, pid=4080, tid=1120
#
# JRE version: 6.0_29-b11
# Java VM: Java HotSpot(TM) Client VM (20.4-b02 mixed mode, sharing windows-x86 )
# Problematic frame:
# C  [ntdll.dll+0x46b90]
#
# If you would like to submit a bug report, please visit:
#   http://java.sun.com/webapps/bugreport/crash.jsp
# The crash happened outside the Java Virtual Machine in native code.
# See problematic frame for where to report the bug.
#

---------------  T H R E A D  ---------------

Current thread (0x000c9c00):  JavaThread "main" [_thread_in_native, id=1120, stack(0x00360000,0x003b0000)]

siginfo: ExceptionCode=0xc0000005, writing address 0x00000024

Registers:
EAX=0x00000024, EBX=0x003afb10, ECX=0x00000020, EDX=0x00120174
ESP=0x003af940, EBP=0x003af954, ESI=0x00000024, EDI=0x00000020
EIP=0x76ea6b90, EFLAGS=0x00010216

Top of Stack: (sp=0x003af940)
0x003af940:   003afa38 003af990 00000000 00000000
0x003af950:   003af97c 003af960 1021564b 00000020
0x003af960:   003af97c 1023932a 00000000 003afa38
0x003af970:   003af990 003afb10 03f61d00 003afa38
0x003af980:   1000224f 00000000 00000000 00000000
0x003af990:   003afaac 003afa40 003afb10 cccccccc
0x003af9a0:   cccccccc cccccccc cccccccc cccccccc
0x003af9b0:   cccccccc cccccccc cccccccc cccccccc 

Instructions: (pc=0x76ea6b90)
0x76ea6b70:   5f 5b 33 c0 5e 5d c2 04 00 90 90 90 90 90 8b ff
0x76ea6b80:   55 8b ec 83 ec 0c 56 57 8b 7d 08 8d 77 04 8b c6
0x76ea6b90:   f0 0f ba 30 00 0f 83 9d f3 00 00 64 a1 18 00 00
0x76ea6ba0:   00 8b 48 24 89 4f 0c c7 47 08 01 00 00 00 5f 33 


Register to memory mapping:

EAX=0x00000024 is an unknown value
EBX=0x003afb10 is pointing into the stack for thread: 0x000c9c00
ECX=0x00000020 is an unknown value
EDX=0x00120174 is an unknown value
ESP=0x003af940 is pointing into the stack for thread: 0x000c9c00
EBP=0x003af954 is pointing into the stack for thread: 0x000c9c00
ESI=0x00000024 is an unknown value
EDI=0x00000020 is an unknown value


Stack: [0x00360000,0x003b0000],  sp=0x003af940,  free space=318k
Native frames: (J=compiled Java code, j=interpreted, Vv=VM code, C=native code)
C  [ntdll.dll+0x46b90]  RtlEnterCriticalSection+0x12
C  [MSVCRTD.dll+0x1564b]  _lock_file+0x3b
C  [MSVCRTD.dll+0x3932a]  fseek+0x3a
C  [LowLevelJNI.dll+0x224f]  Java_UnitConcatJNI_UnitConcatenative+0x1236
C  [LowLevelJNI.dll+0x20c1]  Java_UnitConcatJNI_UnitConcatenative+0x10a8
C  [LowLevelJNI.dll+0x1e9f]  Java_UnitConcatJNI_UnitConcatenative+0xe86
C  [LowLevelJNI.dll+0x1d6d]  Java_UnitConcatJNI_UnitConcatenative+0xd54
C  [LowLevelJNI.dll+0x1ab6]  Java_UnitConcatJNI_UnitConcatenative+0xa9d
j  UnitConcatJNI.UnitConcatenative(Ljava/lang/String;Ljava/lang/String;)V+0
j  UnitConcatJNI.concatUni()V+12
j  SpeechSynthesizer.selectUnitAndConductSpeechSynthesizer(Ljava/lang/String;)V+120
j  SpeechSynthesizer.<init>(Ljava/lang/String;)V+16
j  SpeechSynthesizer.main([Ljava/lang/String;)V+50
v  ~StubRoutines::call_stub
V  [jvm.dll+0xfac3b]
V  [jvm.dll+0x18c391]
V  [jvm.dll+0xfacbd]
V  [jvm.dll+0x95776]
V  [jvm.dll+0x9d5b3]
C  [java.exe+0x2155]
C  [java.exe+0x85b4]
C  [kernel32.dll+0x51174]  BaseThreadInitThunk+0x12
C  [ntdll.dll+0x5b3f5]  RtlInitializeExceptionChain+0x63
C  [ntdll.dll+0x5b3c8]  RtlInitializeExceptionChain+0x36

Java frames: (J=compiled Java code, j=interpreted, Vv=VM code)
j  UnitConcatJNI.UnitConcatenative(Ljava/lang/String;Ljava/lang/String;)V+0
j  UnitConcatJNI.concatUni()V+12
j  SpeechSynthesizer.selectUnitAndConductSpeechSynthesizer(Ljava/lang/String;)V+120
j  SpeechSynthesizer.<init>(Ljava/lang/String;)V+16
j  SpeechSynthesizer.main([Ljava/lang/String;)V+50
v  ~StubRoutines::call_stub

---------------  P R O C E S S  ---------------

Java Threads: ( => current thread )
  0x0199cc00 JavaThread "Low Memory Detector" daemon [_thread_blocked, id=2024, stack(0x03cc0000,0x03d10000)]
  0x01988800 JavaThread "C1 CompilerThread0" daemon [_thread_blocked, id=2412, stack(0x03c70000,0x03cc0000)]
  0x01987400 JavaThread "Attach Listener" daemon [_thread_blocked, id=2652, stack(0x03c20000,0x03c70000)]
  0x01986800 JavaThread "Signal Dispatcher" daemon [_thread_blocked, id=2936, stack(0x03bd0000,0x03c20000)]
  0x0197c400 JavaThread "Finalizer" daemon [_thread_blocked, id=3048, stack(0x03b80000,0x03bd0000)]
  0x0197a800 JavaThread "Reference Handler" daemon [_thread_blocked, id=2092, stack(0x03b30000,0x03b80000)]
=>0x000c9c00 JavaThread "main" [_thread_in_native, id=1120, stack(0x00360000,0x003b0000)]

Other Threads:
  0x0193ec00 VMThread [stack: 0x03ae0000,0x03b30000] [id=3248]
  0x019ae800 WatcherThread [stack: 0x03d10000,0x03d60000] [id=1736]

VM state:not at safepoint (normal execution)

VM Mutex/Monitor currently owned by a thread: None

Heap
 def new generation   total 15936K, used 6621K [0x23a50000, 0x24b90000, 0x28fa0000)
  eden space 14208K,  34% used [0x23a50000, 0x23f17748, 0x24830000)
  from space 1728K, 100% used [0x24830000, 0x249e0000, 0x249e0000)
  to   space 1728K,   0% used [0x249e0000, 0x249e0000, 0x24b90000)
 tenured generation   total 35320K, used 27093K [0x28fa0000, 0x2b21e000, 0x33a50000)
   the space 35320K,  76% used [0x28fa0000, 0x2aa15450, 0x2aa15600, 0x2b21e000)
 compacting perm gen  total 12288K, used 2914K [0x33a50000, 0x34650000, 0x37a50000)
   the space 12288K,  23% used [0x33a50000, 0x33d289c8, 0x33d28a00, 0x34650000)
    ro space 10240K,  54% used [0x37a50000, 0x37fcdaf0, 0x37fcdc00, 0x38450000)
    rw space 12288K,  55% used [0x38450000, 0x38af1ce8, 0x38af1e00, 0x39050000)

Code Cache  [0x01a00000, 0x01b28000, 0x03a00000)
 total_blobs=531 nmethods=397 adapters=70 free_code_cache=32348864 largest_free_block=3648

Dynamic libraries:
0x00400000 - 0x00424000 	C:\Program Files\Java\jdk1.6.0_29\bin\java.exe
0x76e60000 - 0x76f9c000 	C:\Windows\SYSTEM32\ntdll.dll
0x75890000 - 0x75964000 	C:\Windows\system32\kernel32.dll
0x75090000 - 0x750da000 	C:\Windows\system32\KERNELBASE.dll
0x75420000 - 0x754c0000 	C:\Windows\system32\ADVAPI32.dll
0x752b0000 - 0x7535c000 	C:\Windows\system32\msvcrt.dll
0x757d0000 - 0x757e9000 	C:\Windows\SYSTEM32\sechost.dll
0x769e0000 - 0x76a81000 	C:\Windows\system32\RPCRT4.dll
0x7c340000 - 0x7c396000 	C:\Program Files\Java\jdk1.6.0_29\jre\bin\msvcr71.dll
0x6d8a0000 - 0x6db4f000 	C:\Program Files\Java\jdk1.6.0_29\jre\bin\client\jvm.dll
0x76820000 - 0x768e9000 	C:\Windows\system32\USER32.dll
0x75840000 - 0x7588e000 	C:\Windows\system32\GDI32.dll
0x77030000 - 0x7703a000 	C:\Windows\system32\LPK.dll
0x76780000 - 0x7681d000 	C:\Windows\system32\USP10.dll
0x73580000 - 0x735b2000 	C:\Windows\system32\WINMM.dll
0x77040000 - 0x7705f000 	C:\Windows\system32\IMM32.DLL
0x76c90000 - 0x76d5c000 	C:\Windows\system32\MSCTF.dll
0x74ee0000 - 0x74f2b000 	C:\Windows\system32\apphelp.dll
0x6d850000 - 0x6d85c000 	C:\Program Files\Java\jdk1.6.0_29\jre\bin\verify.dll
0x6d3d0000 - 0x6d3ef000 	C:\Program Files\Java\jdk1.6.0_29\jre\bin\java.dll
0x6d890000 - 0x6d89f000 	C:\Program Files\Java\jdk1.6.0_29\jre\bin\zip.dll
0x6d6b0000 - 0x6d6c3000 	C:\Program Files\Java\jdk1.6.0_29\jre\bin\net.dll
0x757f0000 - 0x75825000 	C:\Windows\system32\WS2_32.dll
0x75830000 - 0x75836000 	C:\Windows\system32\NSI.dll
0x749f0000 - 0x74a2c000 	C:\Windows\system32\mswsock.dll
0x749e0000 - 0x749e6000 	C:\Windows\System32\wship6.dll
0x6d6d0000 - 0x6d6d9000 	C:\Program Files\Java\jdk1.6.0_29\jre\bin\nio.dll
0x10000000 - 0x1001b000 	E:\work\MICASpeechSynthesizer\Thao project\Project guide\TTS_Lowlevel_SVN_InCommand_SVN\vietnamese-svn-high-quality-tts-system-in-command\LowLevelJNI.dll
0x10480000 - 0x104fe000 	C:\Windows\system32\MSVCP60D.dll
0x10200000 - 0x10260000 	C:\Windows\system32\MSVCRTD.dll
0x5f400000 - 0x5f4e5000 	C:\Windows\system32\MFC42D.DLL
0x73960000 - 0x739a0000 	C:\Windows\system32\uxtheme.dll
0x73520000 - 0x73533000 	C:\Windows\system32\dwmapi.dll
0x73d80000 - 0x73f1e000 	C:\Windows\WinSxS\x86_microsoft.windows.common-controls_6595b64144ccf1df_6.0.7600.16385_none_421189da2b7fabfc\comctl32.dll
0x768f0000 - 0x76947000 	C:\Windows\system32\SHLWAPI.dll
0x75670000 - 0x757cc000 	C:\Windows\system32\ole32.dll
0x74f30000 - 0x74f3c000 	C:\Windows\system32\CRYPTBASE.dll
0x76fa0000 - 0x77023000 	C:\Windows\system32\CLBCatQ.DLL
0x76950000 - 0x769df000 	C:\Windows\system32\OLEAUT32.dll
0x04240000 - 0x04257000 	C:\Program Files\Lingoes\Translator2\opentext22.dll
0x72a40000 - 0x72a7c000 	C:\Windows\system32\OLEACC.dll
0x04280000 - 0x04288000 	C:\Program Files\Internet Download Manager\idmmkb.dll
0x06870000 - 0x068b6000 	C:\Users\lelightwin\Downloads\unikey40RC2-1101-win32\UKHook40.dll
0x75b30000 - 0x76779000 	C:\Windows\system32\SHELL32.dll
0x75410000 - 0x75415000 	C:\Windows\system32\PSAPI.DLL

VM Arguments:
jvm_args: -Dfile.encoding=UTF-8 
java_command: SpeechSynthesizer
Launcher Type: SUN_STANDARD

Environment Variables:
PATH=C:\Windows\system32;C:\Windows;C:\Windows\System32\Wbem;C:\Windows\System32\WindowsPowerShell\v1.0\;C:\Program Files\Java\jdk1.6.0_29\bin;C:\xampp\php;C:\Program Files\TortoiseSVN\bin
USERNAME=lelightwin
OS=Windows_NT
PROCESSOR_IDENTIFIER=x86 Family 6 Model 37 Stepping 5, GenuineIntel



---------------  S Y S T E M  ---------------

OS: Windows 7 Build 7600 

CPU:total 4 (2 cores per cpu, 2 threads per core) family 6 model 37 stepping 5, cmov, cx8, fxsr, mmx, sse, sse2, sse3, ssse3, sse4.1, sse4.2, popcnt, ht

Memory: 4k page, physical 3619896k(2078408k free), swap 7238028k(5358880k free)

vm_info: Java HotSpot(TM) Client VM (20.4-b02) for windows-x86 JRE (1.6.0_29-b11), built on Oct  3 2011 01:01:08 by "java_re" with MS VC++ 7.1 (VS2003)

time: Tue Apr 24 15:54:23 2012
elapsed time: 2 seconds

