#
# A fatal error has been detected by the Java Runtime Environment:
#
#  EXCEPTION_ACCESS_VIOLATION (0xc0000005) at pc=0x775a6b90, pid=1268, tid=2588
#
# JRE version: 6.0_25-b06
# Java VM: Java HotSpot(TM) Client VM (20.0-b11 mixed mode, sharing windows-x86 )
# Problematic frame:
# C  [ntdll.dll+0x46b90]
#
# If you would like to submit a bug report, please visit:
#   http://java.sun.com/webapps/bugreport/crash.jsp
# The crash happened outside the Java Virtual Machine in native code.
# See problematic frame for where to report the bug.
#

---------------  T H R E A D  ---------------

Current thread (0x01f29400):  JavaThread "main" [_thread_in_native, id=2588, stack(0x01a10000,0x01a60000)]

siginfo: ExceptionCode=0xc0000005, writing address 0x00000024

Registers:
EAX=0x00000024, EBX=0x01a5fb20, ECX=0x00000020, EDX=0x00000037
ESP=0x01a5fa3c, EBP=0x01a5fa50, ESI=0x00000024, EDI=0x00000020
EIP=0x775a6b90, EFLAGS=0x00010216

Top of Stack: (sp=0x01a5fa3c)
0x01a5fa3c:   01a5fb20 01a5fa8c 00000000 00000000
0x01a5fa4c:   01a5fa78 01a5fa5c 1021564b 00000020
0x01a5fa5c:   01a5fa78 1023932a 00000000 01a5fb20
0x01a5fa6c:   01a5fa8c 01a5fb20 04741d00 01a5fb20
0x01a5fa7c:   01362bce 00000000 00000000 00000000
0x01a5fa8c:   01a5fb24 01a5fb28 01a5fb20 cccccccc
0x01a5fa9c:   cccccccc cccccccc cccccccc cccccccc
0x01a5faac:   cccccccc cccccccc cccccccc cccccccc 

Instructions: (pc=0x775a6b90)
0x775a6b70:   5f 5b 33 c0 5e 5d c2 04 00 90 90 90 90 90 8b ff
0x775a6b80:   55 8b ec 83 ec 0c 56 57 8b 7d 08 8d 77 04 8b c6
0x775a6b90:   f0 0f ba 30 00 0f 83 9d f3 00 00 64 a1 18 00 00
0x775a6ba0:   00 8b 48 24 89 4f 0c c7 47 08 01 00 00 00 5f 33 


Register to memory mapping:

EAX=0x00000024 is an unknown value
EBX=0x01a5fb20 is pointing into the stack for thread: 0x01f29400
ECX=0x00000020 is an unknown value
EDX=0x00000037 is an unknown value
ESP=0x01a5fa3c is pointing into the stack for thread: 0x01f29400
EBP=0x01a5fa50 is pointing into the stack for thread: 0x01f29400
ESI=0x00000024 is an unknown value
EDI=0x00000020 is an unknown value


Stack: [0x01a10000,0x01a60000],  sp=0x01a5fa3c,  free space=318k
Native frames: (J=compiled Java code, j=interpreted, Vv=VM code, C=native code)
C  [ntdll.dll+0x46b90]  RtlEnterCriticalSection+0x12
C  [MSVCRTD.dll+0x1564b]  _lock_file+0x3b
C  [MSVCRTD.dll+0x3932a]  fseek+0x3a
C  [LowLevelJNI.dll+0x2bce]  FixWavFile+0x6e
C  [LowLevelJNI.dll+0x1d72]  ReadText+0x212
C  [LowLevelJNI.dll+0x1ab6]  Java_UnitConcatJNI_UnitConcatenative+0x86
j  UnitConcatJNI.UnitConcatenative(Ljava/lang/String;Ljava/lang/String;)V+0
j  UnitConcatJNI.<init>(Ljava/io/File;)V+28
j  Main.selectUnitAndConductSpeechSynthesizer(Ljava/lang/String;)V+13
j  Main.<init>(Ljava/lang/String;)V+12
j  Main.main([Ljava/lang/String;)V+6
v  ~StubRoutines::call_stub
V  [jvm.dll+0xfad0b]
V  [jvm.dll+0x18c241]
V  [jvm.dll+0xfad8d]
V  [jvm.dll+0x957b6]
V  [jvm.dll+0x9d5f3]
C  [java.exe+0x2155]
C  [java.exe+0x85b4]
C  [kernel32.dll+0x51174]  BaseThreadInitThunk+0x12
C  [ntdll.dll+0x5b3f5]  RtlInitializeExceptionChain+0x63
C  [ntdll.dll+0x5b3c8]  RtlInitializeExceptionChain+0x36

Java frames: (J=compiled Java code, j=interpreted, Vv=VM code)
j  UnitConcatJNI.UnitConcatenative(Ljava/lang/String;Ljava/lang/String;)V+0
j  UnitConcatJNI.<init>(Ljava/io/File;)V+28
j  Main.selectUnitAndConductSpeechSynthesizer(Ljava/lang/String;)V+13
j  Main.<init>(Ljava/lang/String;)V+12
j  Main.main([Ljava/lang/String;)V+6
v  ~StubRoutines::call_stub

---------------  P R O C E S S  ---------------

Java Threads: ( => current thread )
  0x01fba000 JavaThread "Low Memory Detector" daemon [_thread_blocked, id=4556, stack(0x04320000,0x04370000)]
  0x01fad400 JavaThread "C1 CompilerThread0" daemon [_thread_blocked, id=3780, stack(0x042d0000,0x04320000)]
  0x01faa400 JavaThread "Attach Listener" daemon [_thread_blocked, id=4676, stack(0x04280000,0x042d0000)]
  0x01fa7400 JavaThread "Signal Dispatcher" daemon [_thread_blocked, id=5428, stack(0x04230000,0x04280000)]
  0x01f9e800 JavaThread "Finalizer" daemon [_thread_blocked, id=2668, stack(0x041e0000,0x04230000)]
  0x01f9d000 JavaThread "Reference Handler" daemon [_thread_blocked, id=4892, stack(0x04190000,0x041e0000)]
=>0x01f29400 JavaThread "main" [_thread_in_native, id=2588, stack(0x01a10000,0x01a60000)]

Other Threads:
  0x01f61800 VMThread [stack: 0x04140000,0x04190000] [id=1956]
  0x01fdd000 WatcherThread [stack: 0x04370000,0x043c0000] [id=1212]

VM state:not at safepoint (normal execution)

VM Mutex/Monitor currently owned by a thread: None

Heap
 def new generation   total 16832K, used 9204K [0x239f0000, 0x24c30000, 0x28f40000)
  eden space 14976K,  49% used [0x239f0000, 0x2411d150, 0x24890000)
  from space 1856K, 100% used [0x24a60000, 0x24c30000, 0x24c30000)
  to   space 1856K,   0% used [0x24890000, 0x24890000, 0x24a60000)
 tenured generation   total 37272K, used 35235K [0x28f40000, 0x2b3a6000, 0x339f0000)
   the space 37272K,  94% used [0x28f40000, 0x2b1a8d28, 0x2b1a8e00, 0x2b3a6000)
 compacting perm gen  total 12288K, used 2930K [0x339f0000, 0x345f0000, 0x379f0000)
   the space 12288K,  23% used [0x339f0000, 0x33ccca20, 0x33cccc00, 0x345f0000)
    ro space 10240K,  54% used [0x379f0000, 0x37f6e770, 0x37f6e800, 0x383f0000)
    rw space 12288K,  55% used [0x383f0000, 0x38a94ac8, 0x38a94c00, 0x38ff0000)

Code Cache  [0x02030000, 0x02168000, 0x04030000)
 total_blobs=566 nmethods=432 adapters=70 free_code_cache=32290880 largest_free_block=0

Dynamic libraries:
0x00400000 - 0x00424000 	C:\Program Files\Java\jdk1.6.0_25\bin\java.exe
0x77560000 - 0x7769c000 	C:\Windows\SYSTEM32\ntdll.dll
0x76000000 - 0x760d4000 	C:\Windows\system32\kernel32.dll
0x75760000 - 0x757aa000 	C:\Windows\system32\KERNELBASE.dll
0x75c80000 - 0x75d20000 	C:\Windows\system32\ADVAPI32.dll
0x76330000 - 0x763dc000 	C:\Windows\system32\msvcrt.dll
0x763e0000 - 0x763f9000 	C:\Windows\SYSTEM32\sechost.dll
0x76140000 - 0x761e1000 	C:\Windows\system32\RPCRT4.dll
0x10000000 - 0x1011a000 	C:\Program Files\BkavPro\Firewall\BkavFirewallEngine.dll
0x76700000 - 0x767c9000 	C:\Windows\system32\USER32.dll
0x76400000 - 0x7644e000 	C:\Windows\system32\GDI32.dll
0x776c0000 - 0x776ca000 	C:\Windows\system32\LPK.dll
0x75be0000 - 0x75c7d000 	C:\Windows\system32\USP10.dll
0x760e0000 - 0x76137000 	C:\Windows\system32\SHLWAPI.dll
0x767d0000 - 0x76805000 	C:\Windows\system32\WS2_32.dll
0x776b0000 - 0x776b6000 	C:\Windows\system32\NSI.dll
0x73bd0000 - 0x73cbb000 	C:\Windows\system32\dbghelp.dll
0x776a0000 - 0x776a5000 	C:\Windows\system32\PSAPI.DLL
0x74bb0000 - 0x74bb9000 	C:\Windows\system32\VERSION.dll
0x76450000 - 0x7646f000 	C:\Windows\system32\IMM32.DLL
0x765d0000 - 0x7669c000 	C:\Windows\system32\MSCTF.dll
0x75670000 - 0x75699000 	C:\Windows\system32\Winsta.dll
0x73bc0000 - 0x73bc7000 	C:\Windows\system32\Wsock32.dll
0x7c340000 - 0x7c396000 	C:\Program Files\Java\jdk1.6.0_25\jre\bin\msvcr71.dll
0x6d8a0000 - 0x6db4f000 	C:\Program Files\Java\jdk1.6.0_25\jre\bin\client\jvm.dll
0x702a0000 - 0x702d2000 	C:\Windows\system32\WINMM.dll
0x755b0000 - 0x755fb000 	C:\Windows\system32\apphelp.dll
0x6d850000 - 0x6d85c000 	C:\Program Files\Java\jdk1.6.0_25\jre\bin\verify.dll
0x6d3d0000 - 0x6d3ef000 	C:\Program Files\Java\jdk1.6.0_25\jre\bin\java.dll
0x6d890000 - 0x6d89f000 	C:\Program Files\Java\jdk1.6.0_25\jre\bin\zip.dll
0x6d6b0000 - 0x6d6c3000 	C:\Program Files\Java\jdk1.6.0_25\jre\bin\net.dll
0x750f0000 - 0x7512c000 	C:\Windows\system32\mswsock.dll
0x750e0000 - 0x750e6000 	C:\Windows\System32\wship6.dll
0x6d6d0000 - 0x6d6d9000 	C:\Program Files\Java\jdk1.6.0_25\jre\bin\nio.dll
0x01360000 - 0x0137b000 	D:\MICASpeechSynthesizer\Thao project\Project guide\TTS_Lowlevel_SVN_InCommand\LowLevelJNI.dll
0x10480000 - 0x104fe000 	C:\Windows\system32\MSVCP60D.dll
0x10200000 - 0x10260000 	C:\Windows\system32\MSVCRTD.dll
0x5f400000 - 0x5f4e5000 	C:\Windows\system32\MFC42D.DLL
0x74490000 - 0x744d0000 	C:\Windows\system32\uxtheme.dll
0x741b0000 - 0x741c3000 	C:\Windows\system32\dwmapi.dll
0x74720000 - 0x748be000 	C:\Windows\WinSxS\x86_microsoft.windows.common-controls_6595b64144ccf1df_6.0.7600.16385_none_421189da2b7fabfc\comctl32.dll
0x76470000 - 0x765cc000 	C:\Windows\system32\ole32.dll
0x75600000 - 0x7560c000 	C:\Windows\system32\CRYPTBASE.dll
0x75b50000 - 0x75bd3000 	C:\Windows\system32\CLBCatQ.DLL
0x776d0000 - 0x7775f000 	C:\Windows\system32\OLEAUT32.dll
0x04660000 - 0x04677000 	C:\Program Files\Lingoes\Translator2\opentext22.dll
0x6df00000 - 0x6df3c000 	C:\Windows\system32\OLEACC.dll
0x046f0000 - 0x046f8000 	C:\Program Files\Internet Download Manager\idmmkb.dll
0x04dd0000 - 0x04dff000 	E:\Set up\UniKey4.0\UKHook40.dll
0x76910000 - 0x77559000 	C:\Windows\system32\SHELL32.dll

VM Arguments:
jvm_args: -Dfile.encoding=UTF-8 
java_command: Main
Launcher Type: SUN_STANDARD

Environment Variables:
PATH=C:\Windows\system32;C:\Windows;C:\Windows\System32\Wbem;C:\Windows\System32\WindowsPowerShell\v1.0\;C:\Program Files\TortoiseSVN\bin;D:\MICASpeechSynthesizer\Thao project\Project guide\TDPSOLA_C\Debug;C:\vnTokenizer;
USERNAME=lelightwin
OS=Windows_NT
PROCESSOR_IDENTIFIER=x86 Family 6 Model 23 Stepping 10, GenuineIntel



---------------  S Y S T E M  ---------------

OS: Windows 7 Build 7600 

CPU:total 2 (2 cores per cpu, 1 threads per core) family 6 model 23 stepping 10, cmov, cx8, fxsr, mmx, sse, sse2, sse3, ssse3, sse4.1

Memory: 4k page, physical 3107804k(1493396k free), swap 6213844k(4461160k free)

vm_info: Java HotSpot(TM) Client VM (20.0-b11) for windows-x86 JRE (1.6.0_25-b06), built on Apr 14 2011 01:04:32 by "java_re" with MS VC++ 7.1 (VS2003)

time: Tue Nov 15 10:58:08 2011
elapsed time: 4 seconds

